<?xml version="1.0" encoding="UTF-8"?>
<testsuite xmlns:xsi="http://www.w3.org/2001/XMLSchema-instance" xsi:noNamespaceSchemaLocation="https://maven.apache.org/surefire/maven-surefire-plugin/xsd/surefire-test-report.xsd" name="com.networknt.proxy.ProxyHttpTest" time="0.617" tests="2" errors="0" skipped="0" failures="0">
  <properties>
    <property name="sun.desktop" value="gnome"/>
    <property name="awt.toolkit" value="sun.awt.X11.XToolkit"/>
    <property name="java.specification.version" value="11"/>
    <property name="sun.cpu.isalist" value=""/>
    <property name="sun.jnu.encoding" value="UTF-8"/>
    <property name="java.class.path" value="/home/steve/networknt/light-mesh/kafka-sidecar/target/test-classes:/home/steve/networknt/light-mesh/kafka-sidecar/target/classes:/home/steve/.m2/repository/com/networknt/config/2.0.25-SNAPSHOT/config-2.0.25-SNAPSHOT.jar:/home/steve/.m2/repository/com/fasterxml/jackson/datatype/jackson-datatype-jsr310/2.12.1/jackson-datatype-jsr310-2.12.1.jar:/home/steve/.m2/repository/org/slf4j/slf4j-api/1.7.25/slf4j-api-1.7.25.jar:/home/steve/.m2/repository/org/owasp/encoder/encoder/1.2.1/encoder-1.2.1.jar:/home/steve/.m2/repository/org/yaml/snakeyaml/1.26/snakeyaml-1.26.jar:/home/steve/.m2/repository/com/networknt/decryptor/2.0.25-SNAPSHOT/decryptor-2.0.25-SNAPSHOT.jar:/home/steve/.m2/repository/com/networknt/utility/2.0.25-SNAPSHOT/utility-2.0.25-SNAPSHOT.jar:/home/steve/.m2/repository/commons-codec/commons-codec/1.11/commons-codec-1.11.jar:/home/steve/.m2/repository/com/networknt/security/2.0.25-SNAPSHOT/security-2.0.25-SNAPSHOT.jar:/home/steve/.m2/repository/com/networknt/handler/2.0.25-SNAPSHOT/handler-2.0.25-SNAPSHOT.jar:/home/steve/.m2/repository/com/networknt/status/2.0.25-SNAPSHOT/status-2.0.25-SNAPSHOT.jar:/home/steve/.m2/repository/com/networknt/exception/2.0.25-SNAPSHOT/exception-2.0.25-SNAPSHOT.jar:/home/steve/.m2/repository/org/bitbucket/b_c/jose4j/0.6.3/jose4j-0.6.3.jar:/home/steve/.m2/repository/com/github/ben-manes/caffeine/caffeine/2.6.2/caffeine-2.6.2.jar:/home/steve/.m2/repository/com/networknt/metrics/2.0.25-SNAPSHOT/metrics-2.0.25-SNAPSHOT.jar:/home/steve/.m2/repository/com/networknt/audit/2.0.25-SNAPSHOT/audit-2.0.25-SNAPSHOT.jar:/home/steve/.m2/repository/com/networknt/mask/2.0.25-SNAPSHOT/mask-2.0.25-SNAPSHOT.jar:/home/steve/.m2/repository/com/jayway/jsonpath/json-path/2.4.0/json-path-2.4.0.jar:/home/steve/.m2/repository/org/hdrhistogram/HdrHistogram/2.1.10/HdrHistogram-2.1.10.jar:/home/steve/.m2/repository/com/google/code/findbugs/jsr305/3.0.2/jsr305-3.0.2.jar:/home/steve/.m2/repository/com/networknt/traceability/2.0.25-SNAPSHOT/traceability-2.0.25-SNAPSHOT.jar:/home/steve/.m2/repository/com/networknt/http-string/2.0.25-SNAPSHOT/http-string-2.0.25-SNAPSHOT.jar:/home/steve/.m2/repository/io/opentracing/opentracing-api/0.32.0/opentracing-api-0.32.0.jar:/home/steve/.m2/repository/com/networknt/correlation/2.0.25-SNAPSHOT/correlation-2.0.25-SNAPSHOT.jar:/home/steve/.m2/repository/com/networknt/sanitizer/2.0.25-SNAPSHOT/sanitizer-2.0.25-SNAPSHOT.jar:/home/steve/.m2/repository/com/networknt/body/2.0.25-SNAPSHOT/body-2.0.25-SNAPSHOT.jar:/home/steve/.m2/repository/com/networknt/client/2.0.25-SNAPSHOT/client-2.0.25-SNAPSHOT.jar:/home/steve/.m2/repository/com/networknt/common/2.0.25-SNAPSHOT/common-2.0.25-SNAPSHOT.jar:/home/steve/.m2/repository/com/networknt/service/2.0.25-SNAPSHOT/service-2.0.25-SNAPSHOT.jar:/home/steve/.m2/repository/com/networknt/monad-result/2.0.25-SNAPSHOT/monad-result-2.0.25-SNAPSHOT.jar:/home/steve/.m2/repository/com/networknt/cluster/2.0.25-SNAPSHOT/cluster-2.0.25-SNAPSHOT.jar:/home/steve/.m2/repository/io/jaegertracing/jaeger-client/0.35.2/jaeger-client-0.35.2.jar:/home/steve/.m2/repository/io/jaegertracing/jaeger-thrift/0.35.2/jaeger-thrift-0.35.2.jar:/home/steve/.m2/repository/org/apache/thrift/libthrift/0.12.0/libthrift-0.12.0.jar:/home/steve/.m2/repository/com/squareup/okhttp3/okhttp/3.9.0/okhttp-3.9.0.jar:/home/steve/.m2/repository/com/squareup/okio/okio/1.13.0/okio-1.13.0.jar:/home/steve/.m2/repository/io/jaegertracing/jaeger-core/0.35.2/jaeger-core-0.35.2.jar:/home/steve/.m2/repository/io/opentracing/opentracing-util/0.32.0/opentracing-util-0.32.0.jar:/home/steve/.m2/repository/io/opentracing/opentracing-noop/0.32.0/opentracing-noop-0.32.0.jar:/home/steve/.m2/repository/com/google/code/gson/gson/2.8.2/gson-2.8.2.jar:/home/steve/.m2/repository/io/jaegertracing/jaeger-tracerresolver/0.35.2/jaeger-tracerresolver-0.35.2.jar:/home/steve/.m2/repository/io/opentracing/contrib/opentracing-tracerresolver/0.1.6/opentracing-tracerresolver-0.1.6.jar:/home/steve/.m2/repository/com/networknt/header/2.0.25-SNAPSHOT/header-2.0.25-SNAPSHOT.jar:/home/steve/.m2/repository/com/networknt/health/2.0.25-SNAPSHOT/health-2.0.25-SNAPSHOT.jar:/home/steve/.m2/repository/com/networknt/resource/2.0.25-SNAPSHOT/resource-2.0.25-SNAPSHOT.jar:/home/steve/.m2/repository/com/networknt/jaeger-tracing/2.0.25-SNAPSHOT/jaeger-tracing-2.0.25-SNAPSHOT.jar:/home/steve/.m2/repository/com/networknt/lambda-invoker/2.0.25-SNAPSHOT/lambda-invoker-2.0.25-SNAPSHOT.jar:/home/steve/.m2/repository/com/networknt/openapi-helper/2.0.25-SNAPSHOT/openapi-helper-2.0.25-SNAPSHOT.jar:/home/steve/.m2/repository/com/networknt/logger-config/2.0.25-SNAPSHOT/logger-config-2.0.25-SNAPSHOT.jar:/home/steve/.m2/repository/com/networknt/specification/2.0.25-SNAPSHOT/specification-2.0.25-SNAPSHOT.jar:/home/steve/.m2/repository/com/networknt/server/2.0.25-SNAPSHOT/server-2.0.25-SNAPSHOT.jar:/home/steve/.m2/repository/com/networknt/info/2.0.25-SNAPSHOT/info-2.0.25-SNAPSHOT.jar:/home/steve/.m2/repository/com/networknt/registry/2.0.25-SNAPSHOT/registry-2.0.25-SNAPSHOT.jar:/home/steve/.m2/repository/com/networknt/switcher/2.0.25-SNAPSHOT/switcher-2.0.25-SNAPSHOT.jar:/home/steve/.m2/repository/com/networknt/consul/2.0.25-SNAPSHOT/consul-2.0.25-SNAPSHOT.jar:/home/steve/.m2/repository/com/networknt/portal-registry/2.0.25-SNAPSHOT/portal-registry-2.0.25-SNAPSHOT.jar:/home/steve/.m2/repository/com/networknt/balance/2.0.25-SNAPSHOT/balance-2.0.25-SNAPSHOT.jar:/home/steve/.m2/repository/com/networknt/json-schema-validator/1.0.49/json-schema-validator-1.0.49.jar:/home/steve/.m2/repository/org/apache/commons/commons-lang3/3.7/commons-lang3-3.7.jar:/home/steve/.m2/repository/com/networknt/openapi-meta/2.0.25-SNAPSHOT/openapi-meta-2.0.25-SNAPSHOT.jar:/home/steve/.m2/repository/com/networknt/json-overlay/2.0.25-SNAPSHOT/json-overlay-2.0.25-SNAPSHOT.jar:/home/steve/.m2/repository/com/networknt/http-url/2.0.25-SNAPSHOT/http-url-2.0.25-SNAPSHOT.jar:/home/steve/.m2/repository/com/networknt/openapi-security/2.0.25-SNAPSHOT/openapi-security-2.0.25-SNAPSHOT.jar:/home/steve/.m2/repository/com/networknt/openapi-validator/2.0.25-SNAPSHOT/openapi-validator-2.0.25-SNAPSHOT.jar:/home/steve/.m2/repository/com/networknt/dump/2.0.25-SNAPSHOT/dump-2.0.25-SNAPSHOT.jar:/home/steve/.m2/repository/com/fasterxml/jackson/core/jackson-annotations/2.12.1/jackson-annotations-2.12.1.jar:/home/steve/.m2/repository/com/networknt/openapi-parser/2.0.25-SNAPSHOT/openapi-parser-2.0.25-SNAPSHOT.jar:/home/steve/.m2/repository/com/fasterxml/jackson/dataformat/jackson-dataformat-yaml/2.12.1/jackson-dataformat-yaml-2.12.1.jar:/home/steve/.m2/repository/com/sun/mail/javax.mail/1.6.1/javax.mail-1.6.1.jar:/home/steve/.m2/repository/javax/activation/activation/1.1/activation-1.1.jar:/home/steve/.m2/repository/javax/annotation/javax.annotation-api/1.3.2/javax.annotation-api-1.3.2.jar:/home/steve/.m2/repository/com/fasterxml/jackson/core/jackson-databind/2.12.1/jackson-databind-2.12.1.jar:/home/steve/.m2/repository/com/fasterxml/jackson/core/jackson-core/2.12.1/jackson-core-2.12.1.jar:/home/steve/.m2/repository/ch/qos/logback/logback-classic/1.2.3/logback-classic-1.2.3.jar:/home/steve/.m2/repository/ch/qos/logback/logback-core/1.2.3/logback-core-1.2.3.jar:/home/steve/.m2/repository/io/undertow/undertow-core/2.2.4.Final/undertow-core-2.2.4.Final.jar:/home/steve/.m2/repository/org/jboss/logging/jboss-logging/3.4.1.Final/jboss-logging-3.4.1.Final.jar:/home/steve/.m2/repository/org/jboss/xnio/xnio-api/3.8.0.Final/xnio-api-3.8.0.Final.jar:/home/steve/.m2/repository/org/wildfly/common/wildfly-common/1.5.2.Final/wildfly-common-1.5.2.Final.jar:/home/steve/.m2/repository/org/wildfly/client/wildfly-client-config/1.0.1.Final/wildfly-client-config-1.0.1.Final.jar:/home/steve/.m2/repository/org/jboss/xnio/xnio-nio/3.8.0.Final/xnio-nio-3.8.0.Final.jar:/home/steve/.m2/repository/org/jboss/threads/jboss-threads/3.1.0.Final/jboss-threads-3.1.0.Final.jar:/home/steve/.m2/repository/com/amazonaws/aws-lambda-java-core/1.2.1/aws-lambda-java-core-1.2.1.jar:/home/steve/.m2/repository/com/amazonaws/aws-lambda-java-events/3.6.0/aws-lambda-java-events-3.6.0.jar:/home/steve/.m2/repository/joda-time/joda-time/2.6/joda-time-2.6.jar:/home/steve/.m2/repository/com/amazonaws/aws-java-sdk-iam/1.11.918/aws-java-sdk-iam-1.11.918.jar:/home/steve/.m2/repository/com/amazonaws/aws-java-sdk-core/1.11.918/aws-java-sdk-core-1.11.918.jar:/home/steve/.m2/repository/commons-logging/commons-logging/1.1.3/commons-logging-1.1.3.jar:/home/steve/.m2/repository/org/apache/httpcomponents/httpclient/4.5.13/httpclient-4.5.13.jar:/home/steve/.m2/repository/software/amazon/ion/ion-java/1.0.2/ion-java-1.0.2.jar:/home/steve/.m2/repository/com/fasterxml/jackson/dataformat/jackson-dataformat-cbor/2.6.7/jackson-dataformat-cbor-2.6.7.jar:/home/steve/.m2/repository/com/amazonaws/jmespath-java/1.11.918/jmespath-java-1.11.918.jar:/home/steve/.m2/repository/software/amazon/awssdk/lambda/2.15.53/lambda-2.15.53.jar:/home/steve/.m2/repository/software/amazon/awssdk/aws-json-protocol/2.15.53/aws-json-protocol-2.15.53.jar:/home/steve/.m2/repository/software/amazon/awssdk/protocol-core/2.15.53/protocol-core-2.15.53.jar:/home/steve/.m2/repository/software/amazon/awssdk/sdk-core/2.15.53/sdk-core-2.15.53.jar:/home/steve/.m2/repository/software/amazon/awssdk/profiles/2.15.53/profiles-2.15.53.jar:/home/steve/.m2/repository/org/reactivestreams/reactive-streams/1.0.2/reactive-streams-1.0.2.jar:/home/steve/.m2/repository/software/amazon/awssdk/auth/2.15.53/auth-2.15.53.jar:/home/steve/.m2/repository/software/amazon/eventstream/eventstream/1.0.1/eventstream-1.0.1.jar:/home/steve/.m2/repository/software/amazon/awssdk/http-client-spi/2.15.53/http-client-spi-2.15.53.jar:/home/steve/.m2/repository/software/amazon/awssdk/regions/2.15.53/regions-2.15.53.jar:/home/steve/.m2/repository/software/amazon/awssdk/annotations/2.15.53/annotations-2.15.53.jar:/home/steve/.m2/repository/software/amazon/awssdk/utils/2.15.53/utils-2.15.53.jar:/home/steve/.m2/repository/software/amazon/awssdk/aws-core/2.15.53/aws-core-2.15.53.jar:/home/steve/.m2/repository/software/amazon/awssdk/metrics-spi/2.15.53/metrics-spi-2.15.53.jar:/home/steve/.m2/repository/software/amazon/awssdk/apache-client/2.15.53/apache-client-2.15.53.jar:/home/steve/.m2/repository/org/apache/httpcomponents/httpcore/4.4.11/httpcore-4.4.11.jar:/home/steve/.m2/repository/software/amazon/awssdk/netty-nio-client/2.15.53/netty-nio-client-2.15.53.jar:/home/steve/.m2/repository/io/netty/netty-codec-http/4.1.53.Final/netty-codec-http-4.1.53.Final.jar:/home/steve/.m2/repository/io/netty/netty-codec-http2/4.1.53.Final/netty-codec-http2-4.1.53.Final.jar:/home/steve/.m2/repository/io/netty/netty-codec/4.1.53.Final/netty-codec-4.1.53.Final.jar:/home/steve/.m2/repository/io/netty/netty-transport/4.1.53.Final/netty-transport-4.1.53.Final.jar:/home/steve/.m2/repository/io/netty/netty-resolver/4.1.53.Final/netty-resolver-4.1.53.Final.jar:/home/steve/.m2/repository/io/netty/netty-common/4.1.53.Final/netty-common-4.1.53.Final.jar:/home/steve/.m2/repository/io/netty/netty-buffer/4.1.53.Final/netty-buffer-4.1.53.Final.jar:/home/steve/.m2/repository/io/netty/netty-handler/4.1.53.Final/netty-handler-4.1.53.Final.jar:/home/steve/.m2/repository/io/netty/netty-transport-native-epoll/4.1.53.Final/netty-transport-native-epoll-4.1.53.Final-linux-x86_64.jar:/home/steve/.m2/repository/io/netty/netty-transport-native-unix-common/4.1.53.Final/netty-transport-native-unix-common-4.1.53.Final.jar:/home/steve/.m2/repository/com/typesafe/netty/netty-reactive-streams-http/2.0.4/netty-reactive-streams-http-2.0.4.jar:/home/steve/.m2/repository/com/typesafe/netty/netty-reactive-streams/2.0.4/netty-reactive-streams-2.0.4.jar:/home/steve/.m2/repository/junit/junit/4.13.1/junit-4.13.1.jar:/home/steve/.m2/repository/org/hamcrest/hamcrest-core/1.3/hamcrest-core-1.3.jar:"/>
    <property name="java.vm.vendor" value="Oracle Corporation"/>
    <property name="sun.arch.data.model" value="64"/>
    <property name="java.vendor.url" value="https://openjdk.java.net/"/>
    <property name="user.timezone" value=""/>
    <property name="java.vm.specification.version" value="11"/>
    <property name="os.name" value="Linux"/>
    <property name="sun.java.launcher" value="SUN_STANDARD"/>
    <property name="user.country" value="CA"/>
    <property name="sun.boot.library.path" value="/home/steve/.sdkman/candidates/java/11.0.10-open/lib"/>
    <property name="sun.java.command" value="/home/steve/networknt/light-mesh/kafka-sidecar/target/surefire/surefirebooter3292858760505721526.jar /home/steve/networknt/light-mesh/kafka-sidecar/target/surefire 2021-03-05T09-43-23_170-jvmRun1 surefire12537076759636942447tmp surefire_016943230864469495983tmp"/>
    <property name="jdk.debug" value="release"/>
    <property name="surefire.test.class.path" value="/home/steve/networknt/light-mesh/kafka-sidecar/target/test-classes:/home/steve/networknt/light-mesh/kafka-sidecar/target/classes:/home/steve/.m2/repository/com/networknt/config/2.0.25-SNAPSHOT/config-2.0.25-SNAPSHOT.jar:/home/steve/.m2/repository/com/fasterxml/jackson/datatype/jackson-datatype-jsr310/2.12.1/jackson-datatype-jsr310-2.12.1.jar:/home/steve/.m2/repository/org/slf4j/slf4j-api/1.7.25/slf4j-api-1.7.25.jar:/home/steve/.m2/repository/org/owasp/encoder/encoder/1.2.1/encoder-1.2.1.jar:/home/steve/.m2/repository/org/yaml/snakeyaml/1.26/snakeyaml-1.26.jar:/home/steve/.m2/repository/com/networknt/decryptor/2.0.25-SNAPSHOT/decryptor-2.0.25-SNAPSHOT.jar:/home/steve/.m2/repository/com/networknt/utility/2.0.25-SNAPSHOT/utility-2.0.25-SNAPSHOT.jar:/home/steve/.m2/repository/commons-codec/commons-codec/1.11/commons-codec-1.11.jar:/home/steve/.m2/repository/com/networknt/security/2.0.25-SNAPSHOT/security-2.0.25-SNAPSHOT.jar:/home/steve/.m2/repository/com/networknt/handler/2.0.25-SNAPSHOT/handler-2.0.25-SNAPSHOT.jar:/home/steve/.m2/repository/com/networknt/status/2.0.25-SNAPSHOT/status-2.0.25-SNAPSHOT.jar:/home/steve/.m2/repository/com/networknt/exception/2.0.25-SNAPSHOT/exception-2.0.25-SNAPSHOT.jar:/home/steve/.m2/repository/org/bitbucket/b_c/jose4j/0.6.3/jose4j-0.6.3.jar:/home/steve/.m2/repository/com/github/ben-manes/caffeine/caffeine/2.6.2/caffeine-2.6.2.jar:/home/steve/.m2/repository/com/networknt/metrics/2.0.25-SNAPSHOT/metrics-2.0.25-SNAPSHOT.jar:/home/steve/.m2/repository/com/networknt/audit/2.0.25-SNAPSHOT/audit-2.0.25-SNAPSHOT.jar:/home/steve/.m2/repository/com/networknt/mask/2.0.25-SNAPSHOT/mask-2.0.25-SNAPSHOT.jar:/home/steve/.m2/repository/com/jayway/jsonpath/json-path/2.4.0/json-path-2.4.0.jar:/home/steve/.m2/repository/org/hdrhistogram/HdrHistogram/2.1.10/HdrHistogram-2.1.10.jar:/home/steve/.m2/repository/com/google/code/findbugs/jsr305/3.0.2/jsr305-3.0.2.jar:/home/steve/.m2/repository/com/networknt/traceability/2.0.25-SNAPSHOT/traceability-2.0.25-SNAPSHOT.jar:/home/steve/.m2/repository/com/networknt/http-string/2.0.25-SNAPSHOT/http-string-2.0.25-SNAPSHOT.jar:/home/steve/.m2/repository/io/opentracing/opentracing-api/0.32.0/opentracing-api-0.32.0.jar:/home/steve/.m2/repository/com/networknt/correlation/2.0.25-SNAPSHOT/correlation-2.0.25-SNAPSHOT.jar:/home/steve/.m2/repository/com/networknt/sanitizer/2.0.25-SNAPSHOT/sanitizer-2.0.25-SNAPSHOT.jar:/home/steve/.m2/repository/com/networknt/body/2.0.25-SNAPSHOT/body-2.0.25-SNAPSHOT.jar:/home/steve/.m2/repository/com/networknt/client/2.0.25-SNAPSHOT/client-2.0.25-SNAPSHOT.jar:/home/steve/.m2/repository/com/networknt/common/2.0.25-SNAPSHOT/common-2.0.25-SNAPSHOT.jar:/home/steve/.m2/repository/com/networknt/service/2.0.25-SNAPSHOT/service-2.0.25-SNAPSHOT.jar:/home/steve/.m2/repository/com/networknt/monad-result/2.0.25-SNAPSHOT/monad-result-2.0.25-SNAPSHOT.jar:/home/steve/.m2/repository/com/networknt/cluster/2.0.25-SNAPSHOT/cluster-2.0.25-SNAPSHOT.jar:/home/steve/.m2/repository/io/jaegertracing/jaeger-client/0.35.2/jaeger-client-0.35.2.jar:/home/steve/.m2/repository/io/jaegertracing/jaeger-thrift/0.35.2/jaeger-thrift-0.35.2.jar:/home/steve/.m2/repository/org/apache/thrift/libthrift/0.12.0/libthrift-0.12.0.jar:/home/steve/.m2/repository/com/squareup/okhttp3/okhttp/3.9.0/okhttp-3.9.0.jar:/home/steve/.m2/repository/com/squareup/okio/okio/1.13.0/okio-1.13.0.jar:/home/steve/.m2/repository/io/jaegertracing/jaeger-core/0.35.2/jaeger-core-0.35.2.jar:/home/steve/.m2/repository/io/opentracing/opentracing-util/0.32.0/opentracing-util-0.32.0.jar:/home/steve/.m2/repository/io/opentracing/opentracing-noop/0.32.0/opentracing-noop-0.32.0.jar:/home/steve/.m2/repository/com/google/code/gson/gson/2.8.2/gson-2.8.2.jar:/home/steve/.m2/repository/io/jaegertracing/jaeger-tracerresolver/0.35.2/jaeger-tracerresolver-0.35.2.jar:/home/steve/.m2/repository/io/opentracing/contrib/opentracing-tracerresolver/0.1.6/opentracing-tracerresolver-0.1.6.jar:/home/steve/.m2/repository/com/networknt/header/2.0.25-SNAPSHOT/header-2.0.25-SNAPSHOT.jar:/home/steve/.m2/repository/com/networknt/health/2.0.25-SNAPSHOT/health-2.0.25-SNAPSHOT.jar:/home/steve/.m2/repository/com/networknt/resource/2.0.25-SNAPSHOT/resource-2.0.25-SNAPSHOT.jar:/home/steve/.m2/repository/com/networknt/jaeger-tracing/2.0.25-SNAPSHOT/jaeger-tracing-2.0.25-SNAPSHOT.jar:/home/steve/.m2/repository/com/networknt/lambda-invoker/2.0.25-SNAPSHOT/lambda-invoker-2.0.25-SNAPSHOT.jar:/home/steve/.m2/repository/com/networknt/openapi-helper/2.0.25-SNAPSHOT/openapi-helper-2.0.25-SNAPSHOT.jar:/home/steve/.m2/repository/com/networknt/logger-config/2.0.25-SNAPSHOT/logger-config-2.0.25-SNAPSHOT.jar:/home/steve/.m2/repository/com/networknt/specification/2.0.25-SNAPSHOT/specification-2.0.25-SNAPSHOT.jar:/home/steve/.m2/repository/com/networknt/server/2.0.25-SNAPSHOT/server-2.0.25-SNAPSHOT.jar:/home/steve/.m2/repository/com/networknt/info/2.0.25-SNAPSHOT/info-2.0.25-SNAPSHOT.jar:/home/steve/.m2/repository/com/networknt/registry/2.0.25-SNAPSHOT/registry-2.0.25-SNAPSHOT.jar:/home/steve/.m2/repository/com/networknt/switcher/2.0.25-SNAPSHOT/switcher-2.0.25-SNAPSHOT.jar:/home/steve/.m2/repository/com/networknt/consul/2.0.25-SNAPSHOT/consul-2.0.25-SNAPSHOT.jar:/home/steve/.m2/repository/com/networknt/portal-registry/2.0.25-SNAPSHOT/portal-registry-2.0.25-SNAPSHOT.jar:/home/steve/.m2/repository/com/networknt/balance/2.0.25-SNAPSHOT/balance-2.0.25-SNAPSHOT.jar:/home/steve/.m2/repository/com/networknt/json-schema-validator/1.0.49/json-schema-validator-1.0.49.jar:/home/steve/.m2/repository/org/apache/commons/commons-lang3/3.7/commons-lang3-3.7.jar:/home/steve/.m2/repository/com/networknt/openapi-meta/2.0.25-SNAPSHOT/openapi-meta-2.0.25-SNAPSHOT.jar:/home/steve/.m2/repository/com/networknt/json-overlay/2.0.25-SNAPSHOT/json-overlay-2.0.25-SNAPSHOT.jar:/home/steve/.m2/repository/com/networknt/http-url/2.0.25-SNAPSHOT/http-url-2.0.25-SNAPSHOT.jar:/home/steve/.m2/repository/com/networknt/openapi-security/2.0.25-SNAPSHOT/openapi-security-2.0.25-SNAPSHOT.jar:/home/steve/.m2/repository/com/networknt/openapi-validator/2.0.25-SNAPSHOT/openapi-validator-2.0.25-SNAPSHOT.jar:/home/steve/.m2/repository/com/networknt/dump/2.0.25-SNAPSHOT/dump-2.0.25-SNAPSHOT.jar:/home/steve/.m2/repository/com/fasterxml/jackson/core/jackson-annotations/2.12.1/jackson-annotations-2.12.1.jar:/home/steve/.m2/repository/com/networknt/openapi-parser/2.0.25-SNAPSHOT/openapi-parser-2.0.25-SNAPSHOT.jar:/home/steve/.m2/repository/com/fasterxml/jackson/dataformat/jackson-dataformat-yaml/2.12.1/jackson-dataformat-yaml-2.12.1.jar:/home/steve/.m2/repository/com/sun/mail/javax.mail/1.6.1/javax.mail-1.6.1.jar:/home/steve/.m2/repository/javax/activation/activation/1.1/activation-1.1.jar:/home/steve/.m2/repository/javax/annotation/javax.annotation-api/1.3.2/javax.annotation-api-1.3.2.jar:/home/steve/.m2/repository/com/fasterxml/jackson/core/jackson-databind/2.12.1/jackson-databind-2.12.1.jar:/home/steve/.m2/repository/com/fasterxml/jackson/core/jackson-core/2.12.1/jackson-core-2.12.1.jar:/home/steve/.m2/repository/ch/qos/logback/logback-classic/1.2.3/logback-classic-1.2.3.jar:/home/steve/.m2/repository/ch/qos/logback/logback-core/1.2.3/logback-core-1.2.3.jar:/home/steve/.m2/repository/io/undertow/undertow-core/2.2.4.Final/undertow-core-2.2.4.Final.jar:/home/steve/.m2/repository/org/jboss/logging/jboss-logging/3.4.1.Final/jboss-logging-3.4.1.Final.jar:/home/steve/.m2/repository/org/jboss/xnio/xnio-api/3.8.0.Final/xnio-api-3.8.0.Final.jar:/home/steve/.m2/repository/org/wildfly/common/wildfly-common/1.5.2.Final/wildfly-common-1.5.2.Final.jar:/home/steve/.m2/repository/org/wildfly/client/wildfly-client-config/1.0.1.Final/wildfly-client-config-1.0.1.Final.jar:/home/steve/.m2/repository/org/jboss/xnio/xnio-nio/3.8.0.Final/xnio-nio-3.8.0.Final.jar:/home/steve/.m2/repository/org/jboss/threads/jboss-threads/3.1.0.Final/jboss-threads-3.1.0.Final.jar:/home/steve/.m2/repository/com/amazonaws/aws-lambda-java-core/1.2.1/aws-lambda-java-core-1.2.1.jar:/home/steve/.m2/repository/com/amazonaws/aws-lambda-java-events/3.6.0/aws-lambda-java-events-3.6.0.jar:/home/steve/.m2/repository/joda-time/joda-time/2.6/joda-time-2.6.jar:/home/steve/.m2/repository/com/amazonaws/aws-java-sdk-iam/1.11.918/aws-java-sdk-iam-1.11.918.jar:/home/steve/.m2/repository/com/amazonaws/aws-java-sdk-core/1.11.918/aws-java-sdk-core-1.11.918.jar:/home/steve/.m2/repository/commons-logging/commons-logging/1.1.3/commons-logging-1.1.3.jar:/home/steve/.m2/repository/org/apache/httpcomponents/httpclient/4.5.13/httpclient-4.5.13.jar:/home/steve/.m2/repository/software/amazon/ion/ion-java/1.0.2/ion-java-1.0.2.jar:/home/steve/.m2/repository/com/fasterxml/jackson/dataformat/jackson-dataformat-cbor/2.6.7/jackson-dataformat-cbor-2.6.7.jar:/home/steve/.m2/repository/com/amazonaws/jmespath-java/1.11.918/jmespath-java-1.11.918.jar:/home/steve/.m2/repository/software/amazon/awssdk/lambda/2.15.53/lambda-2.15.53.jar:/home/steve/.m2/repository/software/amazon/awssdk/aws-json-protocol/2.15.53/aws-json-protocol-2.15.53.jar:/home/steve/.m2/repository/software/amazon/awssdk/protocol-core/2.15.53/protocol-core-2.15.53.jar:/home/steve/.m2/repository/software/amazon/awssdk/sdk-core/2.15.53/sdk-core-2.15.53.jar:/home/steve/.m2/repository/software/amazon/awssdk/profiles/2.15.53/profiles-2.15.53.jar:/home/steve/.m2/repository/org/reactivestreams/reactive-streams/1.0.2/reactive-streams-1.0.2.jar:/home/steve/.m2/repository/software/amazon/awssdk/auth/2.15.53/auth-2.15.53.jar:/home/steve/.m2/repository/software/amazon/eventstream/eventstream/1.0.1/eventstream-1.0.1.jar:/home/steve/.m2/repository/software/amazon/awssdk/http-client-spi/2.15.53/http-client-spi-2.15.53.jar:/home/steve/.m2/repository/software/amazon/awssdk/regions/2.15.53/regions-2.15.53.jar:/home/steve/.m2/repository/software/amazon/awssdk/annotations/2.15.53/annotations-2.15.53.jar:/home/steve/.m2/repository/software/amazon/awssdk/utils/2.15.53/utils-2.15.53.jar:/home/steve/.m2/repository/software/amazon/awssdk/aws-core/2.15.53/aws-core-2.15.53.jar:/home/steve/.m2/repository/software/amazon/awssdk/metrics-spi/2.15.53/metrics-spi-2.15.53.jar:/home/steve/.m2/repository/software/amazon/awssdk/apache-client/2.15.53/apache-client-2.15.53.jar:/home/steve/.m2/repository/org/apache/httpcomponents/httpcore/4.4.11/httpcore-4.4.11.jar:/home/steve/.m2/repository/software/amazon/awssdk/netty-nio-client/2.15.53/netty-nio-client-2.15.53.jar:/home/steve/.m2/repository/io/netty/netty-codec-http/4.1.53.Final/netty-codec-http-4.1.53.Final.jar:/home/steve/.m2/repository/io/netty/netty-codec-http2/4.1.53.Final/netty-codec-http2-4.1.53.Final.jar:/home/steve/.m2/repository/io/netty/netty-codec/4.1.53.Final/netty-codec-4.1.53.Final.jar:/home/steve/.m2/repository/io/netty/netty-transport/4.1.53.Final/netty-transport-4.1.53.Final.jar:/home/steve/.m2/repository/io/netty/netty-resolver/4.1.53.Final/netty-resolver-4.1.53.Final.jar:/home/steve/.m2/repository/io/netty/netty-common/4.1.53.Final/netty-common-4.1.53.Final.jar:/home/steve/.m2/repository/io/netty/netty-buffer/4.1.53.Final/netty-buffer-4.1.53.Final.jar:/home/steve/.m2/repository/io/netty/netty-handler/4.1.53.Final/netty-handler-4.1.53.Final.jar:/home/steve/.m2/repository/io/netty/netty-transport-native-epoll/4.1.53.Final/netty-transport-native-epoll-4.1.53.Final-linux-x86_64.jar:/home/steve/.m2/repository/io/netty/netty-transport-native-unix-common/4.1.53.Final/netty-transport-native-unix-common-4.1.53.Final.jar:/home/steve/.m2/repository/com/typesafe/netty/netty-reactive-streams-http/2.0.4/netty-reactive-streams-http-2.0.4.jar:/home/steve/.m2/repository/com/typesafe/netty/netty-reactive-streams/2.0.4/netty-reactive-streams-2.0.4.jar:/home/steve/.m2/repository/junit/junit/4.13.1/junit-4.13.1.jar:/home/steve/.m2/repository/org/hamcrest/hamcrest-core/1.3/hamcrest-core-1.3.jar:"/>
    <property name="sun.cpu.endian" value="little"/>
    <property name="user.home" value="/home/steve"/>
    <property name="user.language" value="en"/>
    <property name="java.specification.vendor" value="Oracle Corporation"/>
    <property name="java.version.date" value="2021-01-19"/>
    <property name="java.home" value="/home/steve/.sdkman/candidates/java/11.0.10-open"/>
    <property name="file.separator" value="/"/>
    <property name="basedir" value="/home/steve/networknt/light-mesh/kafka-sidecar"/>
    <property name="java.vm.compressedOopsMode" value="Zero based"/>
    <property name="line.separator" value="&#10;"/>
    <property name="java.specification.name" value="Java Platform API Specification"/>
    <property name="java.vm.specification.vendor" value="Oracle Corporation"/>
    <property name="java.awt.graphicsenv" value="sun.awt.X11GraphicsEnvironment"/>
    <property name="surefire.real.class.path" value="/home/steve/networknt/light-mesh/kafka-sidecar/target/surefire/surefirebooter3292858760505721526.jar"/>
    <property name="sun.management.compiler" value="HotSpot 64-Bit Tiered Compilers"/>
    <property name="java.runtime.version" value="11.0.10+9"/>
    <property name="user.name" value="steve"/>
    <property name="path.separator" value=":"/>
    <property name="os.version" value="5.8.0-44-generic"/>
    <property name="java.runtime.name" value="OpenJDK Runtime Environment"/>
    <property name="file.encoding" value="UTF-8"/>
    <property name="java.vm.name" value="OpenJDK 64-Bit Server VM"/>
    <property name="java.vendor.version" value="18.9"/>
    <property name="localRepository" value="/home/steve/.m2/repository"/>
    <property name="java.vendor.url.bug" value="https://bugreport.java.com/bugreport/"/>
    <property name="java.io.tmpdir" value="/tmp"/>
    <property name="java.version" value="11.0.10"/>
    <property name="user.dir" value="/home/steve/networknt/light-mesh/kafka-sidecar"/>
    <property name="os.arch" value="amd64"/>
    <property name="java.vm.specification.name" value="Java Virtual Machine Specification"/>
    <property name="java.awt.printerjob" value="sun.print.PSPrinterJob"/>
    <property name="sun.os.patch.level" value="unknown"/>
    <property name="java.library.path" value="/usr/java/packages/lib:/usr/lib64:/lib64:/lib:/usr/lib"/>
    <property name="java.vm.info" value="mixed mode"/>
    <property name="java.vendor" value="Oracle Corporation"/>
    <property name="java.vm.version" value="11.0.10+9"/>
    <property name="sun.io.unicode.encoding" value="UnicodeLittle"/>
    <property name="java.class.version" value="55.0"/>
  </properties>
  <testcase name="testGet" classname="com.networknt.proxy.ProxyHttpTest" time="0.224"/>
  <testcase name="testGetServerInfo" classname="com.networknt.proxy.ProxyHttpTest" time="0.152"/>
</testsuite>